[2025-06-28 22:24:22] [ERROR] Composer dependency fixing failed with exit code 1
--- Last 10 lines of output ---
    825▕         }
    826▕     }

      [2m+44 vendor frames [22m

  45  artisan:13
      Illuminate\Foundation\Application::handleCommand()

Script @php artisan optimize:clear handling the post-autoload-dump event returned with error code 1
[2025-06-28 22:24:22] [ERROR] Composer dependency fixing failed with exit code 1
--- End of output ---
[2025-06-28 22:24:22] [ERROR] Composer dependency resolution failed
[2025-06-28 22:24:25] [ERROR] Database migration and seeding failed with exit code 1
--- Last 10 lines of output ---
    824▕             );
    825▕         }
    826▕     }

      [2m+32 vendor frames [22m

  33  artisan:13
      Illuminate\Foundation\Application::handleCommand()

[2025-06-28 22:24:25] [ERROR] Database migration and seeding failed with exit code 1
--- End of output ---
